#
# There is insufficient memory for the Java Runtime Environment to continue.
# Native memory allocation (malloc) failed to allocate 1601456 bytes for Chunk::new
# Possible reasons:
#   The system is out of physical RAM or swap space
#   In 32 bit mode, the process size limit was hit
# Possible solutions:
#   Reduce memory load on the system
#   Increase physical memory or swap space
#   Check if swap backing store is full
#   Use 64 bit Java on a 64 bit OS
#   Decrease Java heap size (-Xmx/-Xms)
#   Decrease number of Java threads
#   Decrease Java thread stack sizes (-Xss)
#   Set larger code cache with -XX:ReservedCodeCacheSize=
# This output file may be truncated or incomplete.
#
#  Out of Memory Error (allocation.cpp:390), pid=30740, tid=0x000000000000e3bc
#
# JRE version: Java(TM) SE Runtime Environment (8.0_111-b14) (build 1.8.0_111-b14)
# Java VM: Java HotSpot(TM) 64-Bit Server VM (25.111-b14 mixed mode windows-amd64 compressed oops)
# Failed to write core dump. Minidumps are not enabled by default on client versions of Windows
#

---------------  T H R E A D  ---------------

Current thread (0x000000001f835000):  JavaThread "C2 CompilerThread0" daemon [_thread_in_native, id=58300, stack(0x000000001fe00000,0x000000001ff00000)]

Stack: [0x000000001fe00000,0x000000001ff00000]
[error occurred during error reporting (printing stack bounds), id 0xc0000005]

Native frames: (J=compiled Java code, j=interpreted, Vv=VM code, C=native code)


Current CompileTask:
C2:   5862 4922   !   4       com.sun.jersey.core.reflection.ReflectionHelper$9::run (113 bytes)


---------------  P R O C E S S  ---------------

Java Threads: ( => current thread )
  0x0000000020d39800 JavaThread "DiscoveryClient-InstanceInfoReplicator-0" daemon [_thread_blocked, id=792, stack(0x0000000027f80000,0x0000000028080000)]
  0x0000000020d38000 JavaThread "DiscoveryClient-1" daemon [_thread_blocked, id=23660, stack(0x0000000027e80000,0x0000000027f80000)]
  0x0000000020d36000 JavaThread "DiscoveryClient-0" daemon [_thread_blocked, id=34936, stack(0x0000000027d80000,0x0000000027e80000)]
  0x0000000020d34800 JavaThread "AsyncResolver-bootstrap-0" daemon [_thread_blocked, id=62748, stack(0x0000000024720000,0x0000000024820000)]
  0x0000000020d39000 JavaThread "Eureka-JerseyClient-Conn-Cleaner2" daemon [_thread_blocked, id=28760, stack(0x0000000026030000,0x0000000026130000)]
  0x0000000022a94000 JavaThread "spring.cloud.inetutils" daemon [_thread_blocked, id=58524, stack(0x0000000021480000,0x0000000021580000)]
  0x000000001f8e6000 JavaThread "Service Thread" daemon [_thread_blocked, id=44116, stack(0x0000000020200000,0x0000000020300000)]
  0x000000001f83c800 JavaThread "C1 CompilerThread3" daemon [_thread_blocked, id=62772, stack(0x0000000020100000,0x0000000020200000)]
  0x000000001f83a800 JavaThread "C2 CompilerThread2" daemon [_thread_in_native, id=61496, stack(0x0000000020000000,0x0000000020100000)]
  0x000000001f836000 JavaThread "C2 CompilerThread1" daemon [_thread_in_native, id=32260, stack(0x000000001ff00000,0x0000000020000000)]
=>0x000000001f835000 JavaThread "C2 CompilerThread0" daemon [_thread_in_native, id=58300, stack(0x000000001fe00000,0x000000001ff00000)]
  0x000000001f807000 JavaThread "Monitor Ctrl-Break" daemon [_thread_in_native, id=43180, stack(0x000000001fd00000,0x000000001fe00000)]
  0x000000001ee38000 JavaThread "Attach Listener" daemon [_thread_blocked, id=56440, stack(0x000000001f400000,0x000000001f500000)]
  0x000000001ee37800 JavaThread "Signal Dispatcher" daemon [_thread_blocked, id=20356, stack(0x000000001f300000,0x000000001f400000)]
  0x000000001ced6000 JavaThread "Finalizer" daemon [_thread_blocked, id=63132, stack(0x000000001f1a0000,0x000000001f2a0000)]
  0x000000001cecf800 JavaThread "Reference Handler" daemon [_thread_blocked, id=44796, stack(0x000000001eca0000,0x000000001eda0000)]
  0x0000000003313800 JavaThread "main" [_thread_in_native, id=27216, stack(0x0000000003170000,0x0000000003270000)]

Other Threads:
  0x000000001cec6800 VMThread [stack: 0x000000001eba0000,0x000000001eca0000] [id=61836]
  0x000000001f9ad800 WatcherThread [stack: 0x0000000020300000,0x0000000020400000] [id=30420]

VM state:not at safepoint (normal execution)

VM Mutex/Monitor currently owned by a thread: None

Heap:
 PSYoungGen      total 168448K, used 103719K [0x000000076bd00000, 0x0000000779400000, 0x00000007c0000000)
  eden space 154112K, 59% used [0x000000076bd00000,0x0000000771663f88,0x0000000775380000)
  from space 14336K, 84% used [0x0000000775380000,0x0000000775f65cb0,0x0000000776180000)
  to   space 15360K, 0% used [0x0000000778500000,0x0000000778500000,0x0000000779400000)
 ParOldGen       total 266240K, used 15901K [0x00000006c3600000, 0x00000006d3a00000, 0x000000076bd00000)
  object space 266240K, 5% used [0x00000006c3600000,0x00000006c4587798,0x00000006d3a00000)
 Metaspace       used 49868K, capacity 52168K, committed 52264K, reserved 1095680K
  class space    used 6787K, capacity 7212K, committed 7216K, reserved 1048576K

Card table byte_map: [0x0000000012960000,0x0000000013150000] byte_map_base: 0x000000000f345000

Marking Bits: (ParMarkBitMap*) 0x000000005a55a6c0
 Begin Bits: [0x0000000013ea0000, 0x0000000017dc8000)
 End Bits:   [0x0000000017dc8000, 0x000000001bcf0000)

Polling page: 0x0000000003270000

CodeCache: size=245760Kb used=16861Kb max_used=18699Kb free=228898Kb
 bounds [0x00000000035a0000, 0x00000000047f0000, 0x00000000125a0000]
 total_blobs=5012 nmethods=4508 adapters=416
 compilation: enabled

Compilation events (10 events):
Event: 5.765 Thread 0x000000001f83c800 5109       3       org.springframework.context.event.GenericApplicationListenerAdapter::supportsEventType (65 bytes)
Event: 5.765 Thread 0x000000001f83c800 nmethod 5109 0x000000000379cd90 code [0x000000000379cf40, 0x000000000379d658]
Event: 5.771 Thread 0x000000001f83c800 5110       3       java.util.jar.Attributes$Name::isValid (45 bytes)
Event: 5.772 Thread 0x000000001f83c800 nmethod 5110 0x00000000037881d0 code [0x00000000037883a0, 0x0000000003788d28]
Event: 5.830 Thread 0x000000001f83c800 5112       1       java.nio.Buffer::capacity (5 bytes)
Event: 5.830 Thread 0x000000001f83c800 nmethod 5112 0x0000000003e59890 code [0x0000000003e599e0, 0x0000000003e59af0]
Event: 5.832 Thread 0x000000001f83c800 5114       3       java.nio.HeapByteBuffer::get (15 bytes)
Event: 5.832 Thread 0x000000001f83c800 nmethod 5114 0x0000000003f504d0 code [0x0000000003f50640, 0x0000000003f508f0]
Event: 5.848 Thread 0x000000001f83c800 5115       3       java.lang.Class::getDeclaredField (34 bytes)
Event: 5.848 Thread 0x000000001f83c800 nmethod 5115 0x00000000041d4dd0 code [0x00000000041d4f80, 0x00000000041d5288]

GC Heap History (10 events):
Event: 2.287 GC heap before
{Heap before GC invocations=8 (full 2):
 PSYoungGen      total 97280K, used 92838K [0x000000076bd00000, 0x0000000774000000, 0x00000007c0000000)
  eden space 86528K, 100% used [0x000000076bd00000,0x0000000771180000,0x0000000771180000)
  from space 10752K, 58% used [0x0000000771180000,0x00000007717a9bc8,0x0000000771c00000)
  to   space 7680K, 0% used [0x0000000773880000,0x0000000773880000,0x0000000774000000)
 ParOldGen       total 187904K, used 6536K [0x00000006c3600000, 0x00000006ced80000, 0x000000076bd00000)
  object space 187904K, 3% used [0x00000006c3600000,0x00000006c3c62140,0x00000006ced80000)
 Metaspace       used 26617K, capacity 27544K, committed 27824K, reserved 1075200K
  class space    used 3475K, capacity 3700K, committed 3760K, reserved 1048576K
Event: 2.292 GC heap after
Heap after GC invocations=8 (full 2):
 PSYoungGen      total 124416K, used 7650K [0x000000076bd00000, 0x0000000774380000, 0x00000007c0000000)
  eden space 116736K, 0% used [0x000000076bd00000,0x000000076bd00000,0x0000000772f00000)
  from space 7680K, 99% used [0x0000000773880000,0x0000000773ff8ae8,0x0000000774000000)
  to   space 9728K, 0% used [0x0000000772f00000,0x0000000772f00000,0x0000000773880000)
 ParOldGen       total 187904K, used 8085K [0x00000006c3600000, 0x00000006ced80000, 0x000000076bd00000)
  object space 187904K, 4% used [0x00000006c3600000,0x00000006c3de56b0,0x00000006ced80000)
 Metaspace       used 26617K, capacity 27544K, committed 27824K, reserved 1075200K
  class space    used 3475K, capacity 3700K, committed 3760K, reserved 1048576K
}
Event: 3.863 GC heap before
{Heap before GC invocations=9 (full 2):
 PSYoungGen      total 124416K, used 124386K [0x000000076bd00000, 0x0000000774380000, 0x00000007c0000000)
  eden space 116736K, 100% used [0x000000076bd00000,0x0000000772f00000,0x0000000772f00000)
  from space 7680K, 99% used [0x0000000773880000,0x0000000773ff8ae8,0x0000000774000000)
  to   space 9728K, 0% used [0x0000000772f00000,0x0000000772f00000,0x0000000773880000)
 ParOldGen       total 187904K, used 8085K [0x00000006c3600000, 0x00000006ced80000, 0x000000076bd00000)
  object space 187904K, 4% used [0x00000006c3600000,0x00000006c3de56b0,0x00000006ced80000)
 Metaspace       used 33196K, capacity 34570K, committed 34736K, reserved 1079296K
  class space    used 4369K, capacity 4657K, committed 4784K, reserved 1048576K
Event: 3.872 GC heap after
Heap after GC invocations=9 (full 2):
 PSYoungGen      total 126464K, used 9716K [0x000000076bd00000, 0x0000000776e80000, 0x00000007c0000000)
  eden space 116736K, 0% used [0x000000076bd00000,0x000000076bd00000,0x0000000772f00000)
  from space 9728K, 99% used [0x0000000772f00000,0x000000077387d030,0x0000000773880000)
  to   space 13312K, 0% used [0x0000000776180000,0x0000000776180000,0x0000000776e80000)
 ParOldGen       total 187904K, used 12607K [0x00000006c3600000, 0x00000006ced80000, 0x000000076bd00000)
  object space 187904K, 6% used [0x00000006c3600000,0x00000006c424fe08,0x00000006ced80000)
 Metaspace       used 33196K, capacity 34570K, committed 34736K, reserved 1079296K
  class space    used 4369K, capacity 4657K, committed 4784K, reserved 1048576K
}
Event: 4.075 GC heap before
{Heap before GC invocations=10 (full 2):
 PSYoungGen      total 126464K, used 21761K [0x000000076bd00000, 0x0000000776e80000, 0x00000007c0000000)
  eden space 116736K, 10% used [0x000000076bd00000,0x000000076c8c35e0,0x0000000772f00000)
  from space 9728K, 99% used [0x0000000772f00000,0x000000077387d030,0x0000000773880000)
  to   space 13312K, 0% used [0x0000000776180000,0x0000000776180000,0x0000000776e80000)
 ParOldGen       total 187904K, used 12607K [0x00000006c3600000, 0x00000006ced80000, 0x000000076bd00000)
  object space 187904K, 6% used [0x00000006c3600000,0x00000006c424fe08,0x00000006ced80000)
 Metaspace       used 34124K, capacity 35414K, committed 35496K, reserved 1081344K
  class space    used 4512K, capacity 4771K, committed 4784K, reserved 1048576K
Event: 4.080 GC heap after
Heap after GC invocations=10 (full 2):
 PSYoungGen      total 167424K, used 10812K [0x000000076bd00000, 0x0000000777800000, 0x00000007c0000000)
  eden space 154112K, 0% used [0x000000076bd00000,0x000000076bd00000,0x0000000775380000)
  from space 13312K, 81% used [0x0000000776180000,0x0000000776c0f0e8,0x0000000776e80000)
  to   space 14336K, 0% used [0x0000000775380000,0x0000000775380000,0x0000000776180000)
 ParOldGen       total 187904K, used 12615K [0x00000006c3600000, 0x00000006ced80000, 0x000000076bd00000)
  object space 187904K, 6% used [0x00000006c3600000,0x00000006c4251e08,0x00000006ced80000)
 Metaspace       used 34124K, capacity 35414K, committed 35496K, reserved 1081344K
  class space    used 4512K, capacity 4771K, committed 4784K, reserved 1048576K
}
Event: 4.080 GC heap before
{Heap before GC invocations=11 (full 3):
 PSYoungGen      total 167424K, used 10812K [0x000000076bd00000, 0x0000000777800000, 0x00000007c0000000)
  eden space 154112K, 0% used [0x000000076bd00000,0x000000076bd00000,0x0000000775380000)
  from space 13312K, 81% used [0x0000000776180000,0x0000000776c0f0e8,0x0000000776e80000)
  to   space 14336K, 0% used [0x0000000775380000,0x0000000775380000,0x0000000776180000)
 ParOldGen       total 187904K, used 12615K [0x00000006c3600000, 0x00000006ced80000, 0x000000076bd00000)
  object space 187904K, 6% used [0x00000006c3600000,0x00000006c4251e08,0x00000006ced80000)
 Metaspace       used 34124K, capacity 35414K, committed 35496K, reserved 1081344K
  class space    used 4512K, capacity 4771K, committed 4784K, reserved 1048576K
Event: 4.140 GC heap after
Heap after GC invocations=11 (full 3):
 PSYoungGen      total 167424K, used 0K [0x000000076bd00000, 0x0000000777800000, 0x00000007c0000000)
  eden space 154112K, 0% used [0x000000076bd00000,0x000000076bd00000,0x0000000775380000)
  from space 13312K, 0% used [0x0000000776180000,0x0000000776180000,0x0000000776e80000)
  to   space 14336K, 0% used [0x0000000775380000,0x0000000775380000,0x0000000776180000)
 ParOldGen       total 266240K, used 15893K [0x00000006c3600000, 0x00000006d3a00000, 0x000000076bd00000)
  object space 266240K, 5% used [0x00000006c3600000,0x00000006c4585798,0x00000006d3a00000)
 Metaspace       used 34124K, capacity 35414K, committed 35496K, reserved 1081344K
  class space    used 4512K, capacity 4771K, committed 4784K, reserved 1048576K
}
Event: 5.187 GC heap before
{Heap before GC invocations=12 (full 3):
 PSYoungGen      total 167424K, used 154112K [0x000000076bd00000, 0x0000000777800000, 0x00000007c0000000)
  eden space 154112K, 100% used [0x000000076bd00000,0x0000000775380000,0x0000000775380000)
  from space 13312K, 0% used [0x0000000776180000,0x0000000776180000,0x0000000776e80000)
  to   space 14336K, 0% used [0x0000000775380000,0x0000000775380000,0x0000000776180000)
 ParOldGen       total 266240K, used 15893K [0x00000006c3600000, 0x00000006d3a00000, 0x000000076bd00000)
  object space 266240K, 5% used [0x00000006c3600000,0x00000006c4585798,0x00000006d3a00000)
 Metaspace       used 43305K, capacity 45390K, committed 45736K, reserved 1089536K
  class space    used 5795K, capacity 6195K, committed 6320K, reserved 1048576K
Event: 5.198 GC heap after
Heap after GC invocations=12 (full 3):
 PSYoungGen      total 168448K, used 12183K [0x000000076bd00000, 0x0000000779400000, 0x00000007c0000000)
  eden space 154112K, 0% used [0x000000076bd00000,0x000000076bd00000,0x0000000775380000)
  from space 14336K, 84% used [0x0000000775380000,0x0000000775f65cb0,0x0000000776180000)
  to   space 15360K, 0% used [0x0000000778500000,0x0000000778500000,0x0000000779400000)
 ParOldGen       total 266240K, used 15901K [0x00000006c3600000, 0x00000006d3a00000, 0x000000076bd00000)
  object space 266240K, 5% used [0x00000006c3600000,0x00000006c4587798,0x00000006d3a00000)
 Metaspace       used 43305K, capacity 45390K, committed 45736K, reserved 1089536K
  class space    used 5795K, capacity 6195K, committed 6320K, reserved 1048576K
}

Deoptimization events (10 events):
Event: 5.682 Thread 0x0000000003313800 Uncommon trap: reason=unstable_if action=reinterpret pc=0x00000000045124b8 method=org.springframework.beans.factory.support.AbstractBeanFactory.isTypeMatch(Ljava/lang/String;Lorg/springframework/core/ResolvableType;)Z @ 530
Event: 5.710 Thread 0x0000000020d39800 Uncommon trap: reason=unstable_if action=reinterpret pc=0x0000000003ad7248 method=java.util.concurrent.ConcurrentHashMap.get(Ljava/lang/Object;)Ljava/lang/Object; @ 76
Event: 5.717 Thread 0x0000000020d39800 Uncommon trap: reason=unstable_if action=reinterpret pc=0x00000000046db0ec method=java.io.ByteArrayInputStream.read()I @ 8
Event: 5.738 Thread 0x0000000003313800 Uncommon trap: reason=class_check action=maybe_recompile pc=0x00000000041b80b4 method=org.springframework.boot.context.properties.source.ConfigurationPropertyState.search(Ljava/lang/Iterable;Ljava/util/function/Predicate;)Lorg/springframework/boot/context
Event: 5.738 Thread 0x0000000003313800 Uncommon trap: reason=class_check action=maybe_recompile pc=0x00000000041b80b4 method=org.springframework.boot.context.properties.source.ConfigurationPropertyState.search(Ljava/lang/Iterable;Ljava/util/function/Predicate;)Lorg/springframework/boot/context
Event: 5.738 Thread 0x0000000003313800 Uncommon trap: reason=class_check action=maybe_recompile pc=0x00000000041b80b4 method=org.springframework.boot.context.properties.source.ConfigurationPropertyState.search(Ljava/lang/Iterable;Ljava/util/function/Predicate;)Lorg/springframework/boot/context
Event: 5.738 Thread 0x0000000003313800 Uncommon trap: reason=class_check action=maybe_recompile pc=0x00000000041b80b4 method=org.springframework.boot.context.properties.source.ConfigurationPropertyState.search(Ljava/lang/Iterable;Ljava/util/function/Predicate;)Lorg/springframework/boot/context
Event: 5.738 Thread 0x0000000003313800 Uncommon trap: reason=unstable_if action=reinterpret pc=0x000000000426c634 method=org.springframework.boot.context.properties.source.ConfigurationPropertyName.elementEquals(Lorg/springframework/boot/context/properties/source/ConfigurationPropertyName$Elem
Event: 5.820 Thread 0x0000000003313800 Uncommon trap: reason=class_check action=maybe_recompile pc=0x0000000003ba0198 method=java.util.AbstractList$Itr.hasNext()Z @ 8
Event: 5.820 Thread 0x0000000003313800 Uncommon trap: reason=class_check action=maybe_recompile pc=0x0000000003eefc58 method=java.util.AbstractList$Itr.next()Ljava/lang/Object; @ 14

Internal exceptions (10 events):
Event: 4.950 Thread 0x0000000003313800 Exception <a 'java/lang/ClassNotFoundException': org/springframework/jmx/export/metadata/ManagedAttributeCustomizer> (0x00000007730646c8) thrown at [C:\re\workspace\8-2-build-windows-amd64-cygwin\jdk8u111\7883\hotspot\src\share\vm\classfile\systemDictiona
Event: 5.157 Thread 0x0000000003313800 Implicit null exception at 0x00000000041482f9 to 0x0000000004148571
Event: 5.261 Thread 0x0000000003313800 Implicit null exception at 0x000000000408eca3 to 0x0000000004091661
Event: 5.303 Thread 0x0000000003313800 Implicit null exception at 0x00000000041e170f to 0x00000000041e19c9
Event: 5.345 Thread 0x0000000003313800 Exception <a 'java/lang/NoClassDefFoundError': javax/mail/MessagingException> (0x000000076d9525f0) thrown at [C:\re\workspace\8-2-build-windows-amd64-cygwin\jdk8u111\7883\hotspot\src\share\vm\classfile\systemDictionary.cpp, line 199]
Event: 5.369 Thread 0x0000000003313800 Exception <a 'java/lang/NoClassDefFoundError': javax/mail/MessagingException> (0x000000076e0f1b80) thrown at [C:\re\workspace\8-2-build-windows-amd64-cygwin\jdk8u111\7883\hotspot\src\share\vm\classfile\systemDictionary.cpp, line 199]
Event: 5.695 Thread 0x0000000020d39800 Exception <a 'java/net/SocketTimeoutException': Read timed out> (0x00000007703c78a8) thrown at [C:\re\workspace\8-2-build-windows-amd64-cygwin\jdk8u111\7883\hotspot\src\share\vm\prims\jni.cpp, line 735]
Event: 5.737 Thread 0x0000000003313800 Exception <a 'java/lang/NoSuchMethodError': java.lang.Object.lambda$static$0(Ljava/lang/Object;)Ljava/lang/Object;> (0x0000000770d099a8) thrown at [C:\re\workspace\8-2-build-windows-amd64-cygwin\jdk8u111\7883\hotspot\src\share\vm\interpreter\linkResolver.
Event: 5.782 Thread 0x0000000003313800 Exception <a 'java/lang/UnsatisfiedLinkError': io.netty.channel.epoll.Native.offsetofEpollData()I> (0x0000000770f4afd0) thrown at [C:\re\workspace\8-2-build-windows-amd64-cygwin\jdk8u111\7883\hotspot\src\share\vm\prims\nativeLookup.cpp, line 378]
Event: 5.782 Thread 0x0000000003313800 Exception <a 'java/lang/ExceptionInInitializerError'> (0x0000000770f4b870) thrown at [C:\re\workspace\8-2-build-windows-amd64-cygwin\jdk8u111\7883\hotspot\src\share\vm\oops\instanceKlass.cpp, line 969]

Events (10 events):
Event: 5.849 loading class reactor/netty/Connection
Event: 5.849 loading class reactor/netty/Connection done
Event: 5.850 loading class reactor/netty/channel/ChannelOperations$OnSetup
Event: 5.850 loading class reactor/netty/channel/ChannelOperations$OnSetup done
Event: 5.850 loading class reactor/netty/tcp/TcpServerBind$ChildObserver
Event: 5.850 loading class reactor/netty/tcp/TcpServerBind$ChildObserver done
Event: 5.850 loading class reactor/netty/channel/BootstrapHandlers$BootstrapInitializerHandler
Event: 5.850 loading class reactor/netty/channel/BootstrapHandlers$BootstrapInitializerHandler done
Event: 5.851 loading class io/netty/channel/ChannelInitializer
Event: 5.851 loading class io/netty/channel/ChannelInitializer done


Dynamic libraries:
0x00007ff70faa0000 - 0x00007ff70fad7000 	D:\setup\java\jdk\bin\java.exe
0x00007ffb70090000 - 0x00007ffb70286000 	C:\Windows\SYSTEM32\ntdll.dll
0x00007ffb6ef10000 - 0x00007ffb6efcd000 	C:\Windows\System32\KERNEL32.DLL
0x00007ffb6dbd0000 - 0x00007ffb6de98000 	C:\Windows\System32\KERNELBASE.dll
0x00007ffb6f780000 - 0x00007ffb6f82c000 	C:\Windows\System32\ADVAPI32.dll
0x00007ffb6ea60000 - 0x00007ffb6eafe000 	C:\Windows\System32\msvcrt.dll
0x00007ffb6ecb0000 - 0x00007ffb6ed4b000 	C:\Windows\System32\sechost.dll
0x00007ffb6e0f0000 - 0x00007ffb6e214000 	C:\Windows\System32\RPCRT4.dll
0x00007ffb6f830000 - 0x00007ffb6f9d0000 	C:\Windows\System32\USER32.dll
0x00007ffb6df40000 - 0x00007ffb6df62000 	C:\Windows\System32\win32u.dll
0x00007ffb6e220000 - 0x00007ffb6e24a000 	C:\Windows\System32\GDI32.dll
0x00007ffb6dac0000 - 0x00007ffb6dbc9000 	C:\Windows\System32\gdi32full.dll
0x00007ffb6dea0000 - 0x00007ffb6df3d000 	C:\Windows\System32\msvcp_win.dll
0x00007ffb6dfa0000 - 0x00007ffb6e0a0000 	C:\Windows\System32\ucrtbase.dll
0x00007ffb4af30000 - 0x00007ffb4b1cb000 	C:\Windows\WinSxS\amd64_microsoft.windows.common-controls_6595b64144ccf1df_6.0.19041.488_none_ca04af081b815d21\COMCTL32.dll
0x00007ffb6ec80000 - 0x00007ffb6ecb0000 	C:\Windows\System32\IMM32.DLL
0x000000005a5e0000 - 0x000000005a6b2000 	D:\setup\java\jdk\jre\bin\msvcr100.dll
0x0000000059d40000 - 0x000000005a5da000 	D:\setup\java\jdk\jre\bin\server\jvm.dll
0x00007ffb6f770000 - 0x00007ffb6f778000 	C:\Windows\System32\PSAPI.DLL
0x00007ffb51600000 - 0x00007ffb51627000 	C:\Windows\SYSTEM32\WINMM.dll
0x00007ffb67120000 - 0x00007ffb67129000 	C:\Windows\SYSTEM32\WSOCK32.dll
0x00007ffb5e370000 - 0x00007ffb5e37a000 	C:\Windows\SYSTEM32\VERSION.dll
0x00007ffb6f700000 - 0x00007ffb6f76b000 	C:\Windows\System32\WS2_32.dll
0x0000000059d30000 - 0x0000000059d3f000 	D:\setup\java\jdk\jre\bin\verify.dll
0x0000000059d00000 - 0x0000000059d29000 	D:\setup\java\jdk\jre\bin\java.dll
0x0000000059b50000 - 0x0000000059b73000 	D:\setup\java\jdk\jre\bin\instrument.dll
0x0000000059ce0000 - 0x0000000059cf6000 	D:\setup\java\jdk\jre\bin\zip.dll
0x00007ffb6e290000 - 0x00007ffb6e9d1000 	C:\Windows\System32\SHELL32.dll
0x00007ffb6b900000 - 0x00007ffb6c095000 	C:\Windows\SYSTEM32\windows.storage.dll
0x00007ffb6f0c0000 - 0x00007ffb6f415000 	C:\Windows\System32\combase.dll
0x00007ffb6d240000 - 0x00007ffb6d26c000 	C:\Windows\SYSTEM32\Wldp.dll
0x00007ffb6ed50000 - 0x00007ffb6edfe000 	C:\Windows\System32\SHCORE.dll
0x00007ffb6ee00000 - 0x00007ffb6ee55000 	C:\Windows\System32\shlwapi.dll
0x00007ffb6d700000 - 0x00007ffb6d726000 	C:\Windows\SYSTEM32\profapi.dll
0x00007ffb53850000 - 0x00007ffb5386a000 	D:\application\IntelliJ IDEA Community Edition 2022.1\bin\breakgen64.dll
0x0000000059cc0000 - 0x0000000059cda000 	D:\setup\java\jdk\jre\bin\net.dll
0x00007ffb6cfc0000 - 0x00007ffb6d02a000 	C:\Windows\system32\mswsock.dll
0x00007ffb6cc60000 - 0x00007ffb6cc9b000 	C:\Windows\SYSTEM32\IPHLPAPI.DLL
0x00007ffb6e280000 - 0x00007ffb6e288000 	C:\Windows\System32\NSI.dll
0x00007ffb67460000 - 0x00007ffb67477000 	C:\Windows\SYSTEM32\dhcpcsvc6.DLL
0x00007ffb67440000 - 0x00007ffb6745d000 	C:\Windows\SYSTEM32\dhcpcsvc.DLL
0x00007ffb6cca0000 - 0x00007ffb6cd6b000 	C:\Windows\SYSTEM32\DNSAPI.dll
0x00007ffb65940000 - 0x00007ffb6594a000 	C:\Windows\System32\rasadhlp.dll
0x00007ffb62d50000 - 0x00007ffb62dcf000 	C:\Windows\System32\fwpuclnt.dll
0x00007ffb6df70000 - 0x00007ffb6df97000 	C:\Windows\System32\bcrypt.dll
0x0000000059b40000 - 0x0000000059b4d000 	D:\setup\java\jdk\jre\bin\management.dll
0x00007ffb2ef70000 - 0x00007ffb2ef87000 	C:\Windows\system32\napinsp.dll
0x00007ffb2ef50000 - 0x00007ffb2ef6b000 	C:\Windows\system32\pnrpnsp.dll
0x00007ffb683b0000 - 0x00007ffb683c5000 	C:\Windows\system32\wshbth.dll
0x00007ffb68180000 - 0x00007ffb6819d000 	C:\Windows\system32\NLAapi.dll
0x00007ffb2ee20000 - 0x00007ffb2ee32000 	C:\Windows\System32\winrnr.dll
0x0000000059ca0000 - 0x0000000059cb1000 	D:\setup\java\jdk\jre\bin\nio.dll
0x00007ffb6d190000 - 0x00007ffb6d1a8000 	C:\Windows\SYSTEM32\CRYPTSP.dll
0x00007ffb6c8e0000 - 0x00007ffb6c914000 	C:\Windows\system32\rsaenh.dll
0x00007ffb6d6c0000 - 0x00007ffb6d6ee000 	C:\Windows\SYSTEM32\USERENV.dll
0x00007ffb6d8e0000 - 0x00007ffb6d95f000 	C:\Windows\System32\bcryptprimitives.dll
0x00007ffb6d1b0000 - 0x00007ffb6d1bc000 	C:\Windows\SYSTEM32\CRYPTBASE.dll
0x0000000059b80000 - 0x0000000059ba4000 	D:\setup\java\jdk\jre\bin\sunec.dll

VM Arguments:
jvm_args: -javaagent:D:\application\IntelliJ IDEA Community Edition 2022.1\lib\idea_rt.jar=57094:D:\application\IntelliJ IDEA Community Edition 2022.1\bin -Dfile.encoding=UTF-8 
java_command: com.example.gateway.GatewayApplication
java_class_path (initial): D:\setup\java\jdk\jre\lib\charsets.jar;D:\setup\java\jdk\jre\lib\deploy.jar;D:\setup\java\jdk\jre\lib\ext\access-bridge-64.jar;D:\setup\java\jdk\jre\lib\ext\cldrdata.jar;D:\setup\java\jdk\jre\lib\ext\dnsns.jar;D:\setup\java\jdk\jre\lib\ext\jaccess.jar;D:\setup\java\jdk\jre\lib\ext\jfxrt.jar;D:\setup\java\jdk\jre\lib\ext\localedata.jar;D:\setup\java\jdk\jre\lib\ext\nashorn.jar;D:\setup\java\jdk\jre\lib\ext\sunec.jar;D:\setup\java\jdk\jre\lib\ext\sunjce_provider.jar;D:\setup\java\jdk\jre\lib\ext\sunmscapi.jar;D:\setup\java\jdk\jre\lib\ext\sunpkcs11.jar;D:\setup\java\jdk\jre\lib\ext\zipfs.jar;D:\setup\java\jdk\jre\lib\javaws.jar;D:\setup\java\jdk\jre\lib\jce.jar;D:\setup\java\jdk\jre\lib\jfr.jar;D:\setup\java\jdk\jre\lib\jfxswt.jar;D:\setup\java\jdk\jre\lib\jsse.jar;D:\setup\java\jdk\jre\lib\management-agent.jar;D:\setup\java\jdk\jre\lib\plugin.jar;D:\setup\java\jdk\jre\lib\resources.jar;D:\setup\java\jdk\jre\lib\rt.jar;C:\Users\lenovo\Desktop\weather-master\weather-master\gateway\target\classes;D:\develop\maven\apache-maven-3.6.1\repository\org\springframework\cloud\spring-cloud-starter-gateway\2.1.2.RELEASE\spring-cloud-starter-gateway-2.1.2.RELEASE.jar;D:\develop\maven\apache-maven-3.6.1\repository\org\springframework\cloud\spring-cloud-starter\2.1.2.RELEASE\spring-cloud-starter-2.1.2.RELEASE.jar;D:\develop\maven\apache-maven-3.6.1\repository\org\springframework\cloud\spring-cloud-context\2.1.2.RELEASE\spring-cloud-context-2.1.2.RELEASE.jar;D:\develop\maven\apache-maven-3.6.1\repository\org\springframework\security\spring-security-crypto\5.1.6.RELEASE\spring-security-crypto-5.1.6.RELEASE.jar;D:\develop\maven\apache-maven-3.6.1\repository\org\springframework\cloud\spring-cloud-commons\2.1.2.RELEASE\spring-cloud-commons-2.1.2.RELEASE.jar;D:\develop\maven\apache-maven-3.6.1\repository\org\springframework\security\spring-security-rsa\1.0.7.RELEASE\spring-security-rsa-1.0.7.RELEASE.jar;D:\develop\maven\apache-maven-3.6.1\repository\org\bouncy
Launcher Type: SUN_STANDARD

Environment Variables:
JAVA_HOME=D:\setup\java\jdk
CLASSPATH=.;D:\setup\java\jdk\lib\dt.jar;D:\setup\java\jdk\lib\tools.jar
PATH=D:\setup\xftp\;D:\setup\xshell\;C:\ProgramData\Oracle\Java\javapath;C:\Windows\system32;C:\Windows;C:\Windows\System32\Wbem;C:\Windows\System32\WindowsPowerShell\v1.0\;C:\Windows\System32\OpenSSH\;D:\setup\java\jdk\bin;D:\develop\Git\cmd;D:\develop\maven\apache-maven-3.6.1\bin;D:\develop\tomcat\apache-tomcat-8.5.78-windows-x64\apache-tomcat-8.5.78\lib;D:\setup\nodejs\;C:\Program Files\Docker\Docker\resources\bin;C:\ProgramData\DockerDesktop\version-bin;C:\Users\lenovo\AppData\Local\Microsoft\WindowsApps;D:\application\IntelliJ IDEA Community Edition 2022.1\bin;;D:\setup\Microsoft VS Code\bin;D:\setup\nodejs\node_global;
USERNAME=lenovo
OS=Windows_NT
PROCESSOR_IDENTIFIER=Intel64 Family 6 Model 140 Stepping 1, GenuineIntel



---------------  S Y S T E M  ---------------

OS: Windows 10.0 , 64 bit Build 19041 (10.0.19041.546)

CPU:total 8 (4 cores per cpu, 2 threads per core) family 6 model 140 stepping 1, cmov, cx8, fxsr, mmx, sse, sse2, sse3, ssse3, sse4.1, sse4.2, popcnt, avx, avx2, aes, clmul, erms, 3dnowpref, lzcnt, ht, tsc, tscinvbit, bmi1, bmi2, adx

Memory: 4k page, physical 16555320k(1115044k free), swap 32129632k(5232k free)

vm_info: Java HotSpot(TM) 64-Bit Server VM (25.111-b14) for windows-amd64 JRE (1.8.0_111-b14), built on Sep 22 2016 19:24:05 by "java_re" with MS VC++ 10.0 (VS2010)

time: Mon Dec 12 14:28:43 2022
elapsed time: 5 seconds (0d 0h 0m 5s)

