#
# There is insufficient memory for the Java Runtime Environment to continue.
# Native memory allocation (malloc) failed to allocate 32744 bytes for ChunkPool::allocate
# Possible reasons:
#   The system is out of physical RAM or swap space
#   In 32 bit mode, the process size limit was hit
# Possible solutions:
#   Reduce memory load on the system
#   Increase physical memory or swap space
#   Check if swap backing store is full
#   Use 64 bit Java on a 64 bit OS
#   Decrease Java heap size (-Xmx/-Xms)
#   Decrease number of Java threads
#   Decrease Java thread stack sizes (-Xss)
#   Set larger code cache with -XX:ReservedCodeCacheSize=
# This output file may be truncated or incomplete.
#
#  Out of Memory Error (allocation.cpp:273), pid=49764, tid=0x000000000000bc8c
#
# JRE version: Java(TM) SE Runtime Environment (8.0_111-b14) (build 1.8.0_111-b14)
# Java VM: Java HotSpot(TM) 64-Bit Server VM (25.111-b14 mixed mode windows-amd64 compressed oops)
# Failed to write core dump. Minidumps are not enabled by default on client versions of Windows
#

---------------  T H R E A D  ---------------

Current thread (0x000000001f3ee000):  JavaThread "C1 CompilerThread3" daemon [_thread_in_native, id=48268, stack(0x000000001fcb0000,0x000000001fdb0000)]

Stack: [0x000000001fcb0000,0x000000001fdb0000]
[error occurred during error reporting (printing stack bounds), id 0xc0000005]

Native frames: (J=compiled Java code, j=interpreted, Vv=VM code, C=native code)


Current CompileTask:
C1:1146826 6607       3       com.netflix.servo.monitor.BasicTimer::recordNanos (42 bytes)


---------------  P R O C E S S  ---------------

Java Threads: ( => current thread )
  0x0000000022646000 JavaThread "AsyncResolver-bootstrap-executor-0" daemon [_thread_blocked, id=51212, stack(0x0000000000d60000,0x0000000000e60000)]
  0x0000000022644800 JavaThread "DiscoveryClient-CacheRefreshExecutor-0" daemon [_thread_blocked, id=62596, stack(0x000000002c490000,0x000000002c590000)]
  0x0000000022645800 JavaThread "PollingServerListUpdater-1" daemon [_thread_blocked, id=360, stack(0x000000002c190000,0x000000002c290000)]
  0x000000002263d000 JavaThread "reactor-http-nio-8" daemon [_thread_in_native, id=34912, stack(0x000000002b080000,0x000000002b180000)]
  0x0000000022644000 JavaThread "reactor-http-nio-7" daemon [_thread_in_native, id=5212, stack(0x000000002af80000,0x000000002b080000)]
  0x000000002263c800 JavaThread "reactor-http-nio-6" daemon [_thread_in_native, id=37556, stack(0x000000002ae80000,0x000000002af80000)]
  0x0000000022643000 JavaThread "reactor-http-nio-5" daemon [_thread_in_native, id=59272, stack(0x000000002ad80000,0x000000002ae80000)]
  0x000000002263b800 JavaThread "reactor-http-nio-4" daemon [_thread_in_native, id=16148, stack(0x000000002a970000,0x000000002aa70000)]
  0x0000000022642800 JavaThread "DataPublisher" daemon [_thread_blocked, id=61992, stack(0x000000002aa80000,0x000000002ab80000)]
  0x0000000022641800 JavaThread "PollingServerListUpdater-0" daemon [_thread_blocked, id=51972, stack(0x000000002a870000,0x000000002a970000)]
  0x0000000022641000 JavaThread "NFLoadBalancer-PingTimer-search-service" daemon [_thread_blocked, id=25200, stack(0x000000002a650000,0x000000002a750000)]
  0x000000002263e800 JavaThread "RibbonApacheHttpClientConfiguration.connectionManagerTimer" daemon [_thread_blocked, id=62672, stack(0x000000002a770000,0x000000002a870000)]
  0x000000002263f800 JavaThread "reactor-http-nio-3" daemon [_thread_in_native, id=39460, stack(0x0000000028320000,0x0000000028420000)]
  0x000000002263e000 JavaThread "reactor-http-nio-2" daemon [_thread_in_native, id=59968, stack(0x0000000028220000,0x0000000028320000)]
  0x0000000022640000 JavaThread "DiscoveryClient-HeartbeatExecutor-0" daemon [_thread_blocked, id=25892, stack(0x0000000028120000,0x0000000028220000)]
  0x0000000022a48000 JavaThread "DestroyJavaVM" [_thread_blocked, id=42056, stack(0x0000000002dc0000,0x0000000002ec0000)]
  0x0000000022a4e000 JavaThread "server" [_thread_blocked, id=16268, stack(0x0000000028020000,0x0000000028120000)]
  0x0000000022a4d800 JavaThread "reactor-http-nio-1" daemon [_thread_in_native, id=29560, stack(0x0000000027f20000,0x0000000028020000)]
  0x0000000022a4c000 JavaThread "DiscoveryClient-InstanceInfoReplicator-0" daemon [_thread_blocked, id=33612, stack(0x0000000027920000,0x0000000027a20000)]
  0x0000000022a4c800 JavaThread "DiscoveryClient-1" daemon [_thread_blocked, id=59204, stack(0x0000000027820000,0x0000000027920000)]
  0x0000000022a4b000 JavaThread "DiscoveryClient-0" daemon [_thread_blocked, id=28980, stack(0x0000000027720000,0x0000000027820000)]
  0x0000000022a49000 JavaThread "AsyncResolver-bootstrap-0" daemon [_thread_blocked, id=50352, stack(0x0000000023010000,0x0000000023110000)]
  0x0000000022a47800 JavaThread "Eureka-JerseyClient-Conn-Cleaner2" daemon [_thread_blocked, id=42316, stack(0x0000000021b30000,0x0000000021c30000)]
  0x0000000022a49800 JavaThread "spring.cloud.inetutils" daemon [_thread_blocked, id=17704, stack(0x0000000021030000,0x0000000021130000)]
  0x000000001f497800 JavaThread "Service Thread" daemon [_thread_blocked, id=14620, stack(0x000000001fdb0000,0x000000001feb0000)]
=>0x000000001f3ee000 JavaThread "C1 CompilerThread3" daemon [_thread_in_native, id=48268, stack(0x000000001fcb0000,0x000000001fdb0000)]
  0x000000001f3ec000 JavaThread "C2 CompilerThread2" daemon [_thread_blocked, id=43708, stack(0x000000001fbb0000,0x000000001fcb0000)]
  0x000000001f3d8800 JavaThread "C2 CompilerThread1" daemon [_thread_in_vm, id=19152, stack(0x000000001fab0000,0x000000001fbb0000)]
  0x000000001f3d8000 JavaThread "C2 CompilerThread0" daemon [_thread_blocked, id=13900, stack(0x000000001f9b0000,0x000000001fab0000)]
  0x000000001f3e6000 JavaThread "Monitor Ctrl-Break" daemon [_thread_in_native, id=63040, stack(0x000000001f8b0000,0x000000001f9b0000)]
  0x000000001ea48800 JavaThread "Attach Listener" daemon [_thread_blocked, id=36896, stack(0x000000001efb0000,0x000000001f0b0000)]
  0x000000001e9f5800 JavaThread "Signal Dispatcher" daemon [_thread_blocked, id=45092, stack(0x000000001eeb0000,0x000000001efb0000)]
  0x000000001cae6000 JavaThread "Finalizer" daemon [_thread_blocked, id=33548, stack(0x000000001edb0000,0x000000001eeb0000)]
  0x000000001cade800 JavaThread "Reference Handler" daemon [_thread_blocked, id=51392, stack(0x000000001e8b0000,0x000000001e9b0000)]

Other Threads:
  0x000000001cad5800 VMThread [stack: 0x000000001e7b0000,0x000000001e8b0000] [id=41676]
  0x000000001f555000 WatcherThread [stack: 0x000000001feb0000,0x000000001ffb0000] [id=2516]

VM state:not at safepoint (normal execution)

VM Mutex/Monitor currently owned by a thread: None

Heap:
 PSYoungGen      total 323072K, used 189981K [0x000000076bd00000, 0x0000000780b80000, 0x00000007c0000000)
  eden space 307712K, 56% used [0x000000076bd00000,0x0000000776787780,0x000000077e980000)
  from space 15360K, 99% used [0x000000077fb00000,0x00000007809ffd30,0x0000000780a00000)
  to   space 17408K, 0% used [0x000000077e980000,0x000000077e980000,0x000000077fa80000)
 ParOldGen       total 145920K, used 17880K [0x00000006c3600000, 0x00000006cc480000, 0x000000076bd00000)
  object space 145920K, 12% used [0x00000006c3600000,0x00000006c4776190,0x00000006cc480000)
 Metaspace       used 56148K, capacity 59014K, committed 59160K, reserved 1099776K
  class space    used 7630K, capacity 8169K, committed 8240K, reserved 1048576K

Card table byte_map: [0x0000000012570000,0x0000000012d60000] byte_map_base: 0x000000000ef55000

Marking Bits: (ParMarkBitMap*) 0x000000005a55a6c0
 Begin Bits: [0x0000000013ab0000, 0x00000000179d8000)
 End Bits:   [0x00000000179d8000, 0x000000001b900000)

Polling page: 0x00000000010f0000

CodeCache: size=245760Kb used=19475Kb max_used=19475Kb free=226284Kb
 bounds [0x00000000031b0000, 0x00000000044d0000, 0x00000000121b0000]
 total_blobs=6239 nmethods=5710 adapters=441
 compilation: enabled

Compilation events (10 events):
Event: 1146.673 Thread 0x000000001f3ee000 6603       3       com.netflix.servo.monitor.TimedStopwatch::stop (21 bytes)
Event: 1146.673 Thread 0x000000001f3ee000 nmethod 6603 0x00000000044c7850 code [0x00000000044c7a20, 0x00000000044c83e8]
Event: 1146.673 Thread 0x000000001f3ee000 6604       3       com.netflix.servo.monitor.BasicStopwatch::stop (19 bytes)
Event: 1146.673 Thread 0x000000001f3ee000 nmethod 6604 0x00000000044c2ed0 code [0x00000000044c3040, 0x00000000044c33b0]
Event: 1146.673 Thread 0x000000001f3ee000 6605       3       com.netflix.servo.monitor.BasicStopwatch::getDuration (34 bytes)
Event: 1146.673 Thread 0x000000001f3ee000 nmethod 6605 0x00000000044c8810 code [0x00000000044c89a0, 0x00000000044c8e90]
Event: 1146.673 Thread 0x000000001f3ee000 6606       3       com.netflix.servo.monitor.BasicTimer::record (10 bytes)
Event: 1146.673 Thread 0x000000001f3ee000 nmethod 6606 0x00000000044c9010 code [0x00000000044c9180, 0x00000000044c93d8]
Event: 1146.673 Thread 0x000000001f3ee000 6607       3       com.netflix.servo.monitor.BasicTimer::recordNanos (42 bytes)
Event: 1146.674 Thread 0x000000001f3d8800 6611       4       org.springframework.core.convert.support.GenericConversionService::getConverter (106 bytes)

GC Heap History (10 events):
Event: 2.062 GC heap before
{Heap before GC invocations=6 (full 1):
 PSYoungGen      total 140800K, used 130048K [0x000000076bd00000, 0x0000000775100000, 0x00000007c0000000)
  eden space 130048K, 100% used [0x000000076bd00000,0x0000000773c00000,0x0000000773c00000)
  from space 10752K, 0% used [0x0000000774680000,0x0000000774680000,0x0000000775100000)
  to   space 10752K, 0% used [0x0000000773c00000,0x0000000773c00000,0x0000000774680000)
 ParOldGen       total 92672K, used 5513K [0x00000006c3600000, 0x00000006c9080000, 0x000000076bd00000)
  object space 92672K, 5% used [0x00000006c3600000,0x00000006c3b62780,0x00000006c9080000)
 Metaspace       used 25384K, capacity 26272K, committed 26288K, reserved 1073152K
  class space    used 3287K, capacity 3500K, committed 3504K, reserved 1048576K
Event: 2.067 GC heap after
Heap after GC invocations=6 (full 1):
 PSYoungGen      total 140800K, used 9438K [0x000000076bd00000, 0x000000077a000000, 0x00000007c0000000)
  eden space 130048K, 0% used [0x000000076bd00000,0x000000076bd00000,0x0000000773c00000)
  from space 10752K, 87% used [0x0000000773c00000,0x0000000774537948,0x0000000774680000)
  to   space 11264K, 0% used [0x0000000779500000,0x0000000779500000,0x000000077a000000)
 ParOldGen       total 92672K, used 5521K [0x00000006c3600000, 0x00000006c9080000, 0x000000076bd00000)
  object space 92672K, 5% used [0x00000006c3600000,0x00000006c3b64780,0x00000006c9080000)
 Metaspace       used 25384K, capacity 26272K, committed 26288K, reserved 1073152K
  class space    used 3287K, capacity 3500K, committed 3504K, reserved 1048576K
}
Event: 3.067 GC heap before
{Heap before GC invocations=7 (full 1):
 PSYoungGen      total 140800K, used 139486K [0x000000076bd00000, 0x000000077a000000, 0x00000007c0000000)
  eden space 130048K, 100% used [0x000000076bd00000,0x0000000773c00000,0x0000000773c00000)
  from space 10752K, 87% used [0x0000000773c00000,0x0000000774537948,0x0000000774680000)
  to   space 11264K, 0% used [0x0000000779500000,0x0000000779500000,0x000000077a000000)
 ParOldGen       total 92672K, used 5521K [0x00000006c3600000, 0x00000006c9080000, 0x000000076bd00000)
  object space 92672K, 5% used [0x00000006c3600000,0x00000006c3b64780,0x00000006c9080000)
 Metaspace       used 31263K, capacity 32440K, committed 32560K, reserved 1077248K
  class space    used 4064K, capacity 4310K, committed 4400K, reserved 1048576K
Event: 3.074 GC heap after
Heap after GC invocations=7 (full 1):
 PSYoungGen      total 215040K, used 11232K [0x000000076bd00000, 0x000000077a000000, 0x00000007c0000000)
  eden space 203776K, 0% used [0x000000076bd00000,0x000000076bd00000,0x0000000778400000)
  from space 11264K, 99% used [0x0000000779500000,0x0000000779ff8370,0x000000077a000000)
  to   space 13824K, 0% used [0x0000000778500000,0x0000000778500000,0x0000000779280000)
 ParOldGen       total 92672K, used 7680K [0x00000006c3600000, 0x00000006c9080000, 0x000000076bd00000)
  object space 92672K, 8% used [0x00000006c3600000,0x00000006c3d80168,0x00000006c9080000)
 Metaspace       used 31263K, capacity 32440K, committed 32560K, reserved 1077248K
  class space    used 4064K, capacity 4310K, committed 4400K, reserved 1048576K
}
Event: 3.914 GC heap before
{Heap before GC invocations=8 (full 1):
 PSYoungGen      total 215040K, used 58747K [0x000000076bd00000, 0x000000077a000000, 0x00000007c0000000)
  eden space 203776K, 23% used [0x000000076bd00000,0x000000076eb66b48,0x0000000778400000)
  from space 11264K, 99% used [0x0000000779500000,0x0000000779ff8370,0x000000077a000000)
  to   space 13824K, 0% used [0x0000000778500000,0x0000000778500000,0x0000000779280000)
 ParOldGen       total 92672K, used 7680K [0x00000006c3600000, 0x00000006c9080000, 0x000000076bd00000)
  object space 92672K, 8% used [0x00000006c3600000,0x00000006c3d80168,0x00000006c9080000)
 Metaspace       used 34074K, capacity 35338K, committed 35496K, reserved 1079296K
  class space    used 4511K, capacity 4771K, committed 4784K, reserved 1048576K
Event: 3.921 GC heap after
Heap after GC invocations=8 (full 1):
 PSYoungGen      total 218624K, used 12700K [0x000000076bd00000, 0x0000000780a00000, 0x00000007c0000000)
  eden space 204800K, 0% used [0x000000076bd00000,0x000000076bd00000,0x0000000778500000)
  from space 13824K, 91% used [0x0000000778500000,0x00000007791673e0,0x0000000779280000)
  to   space 15360K, 0% used [0x000000077fb00000,0x000000077fb00000,0x0000000780a00000)
 ParOldGen       total 92672K, used 7688K [0x00000006c3600000, 0x00000006c9080000, 0x000000076bd00000)
  object space 92672K, 8% used [0x00000006c3600000,0x00000006c3d82168,0x00000006c9080000)
 Metaspace       used 34074K, capacity 35338K, committed 35496K, reserved 1079296K
  class space    used 4511K, capacity 4771K, committed 4784K, reserved 1048576K
}
Event: 3.921 GC heap before
{Heap before GC invocations=9 (full 2):
 PSYoungGen      total 218624K, used 12700K [0x000000076bd00000, 0x0000000780a00000, 0x00000007c0000000)
  eden space 204800K, 0% used [0x000000076bd00000,0x000000076bd00000,0x0000000778500000)
  from space 13824K, 91% used [0x0000000778500000,0x00000007791673e0,0x0000000779280000)
  to   space 15360K, 0% used [0x000000077fb00000,0x000000077fb00000,0x0000000780a00000)
 ParOldGen       total 92672K, used 7688K [0x00000006c3600000, 0x00000006c9080000, 0x000000076bd00000)
  object space 92672K, 8% used [0x00000006c3600000,0x00000006c3d82168,0x00000006c9080000)
 Metaspace       used 34074K, capacity 35338K, committed 35496K, reserved 1079296K
  class space    used 4511K, capacity 4771K, committed 4784K, reserved 1048576K
Event: 3.956 GC heap after
Heap after GC invocations=9 (full 2):
 PSYoungGen      total 218624K, used 0K [0x000000076bd00000, 0x0000000780a00000, 0x00000007c0000000)
  eden space 204800K, 0% used [0x000000076bd00000,0x000000076bd00000,0x0000000778500000)
  from space 13824K, 0% used [0x0000000778500000,0x0000000778500000,0x0000000779280000)
  to   space 15360K, 0% used [0x000000077fb00000,0x000000077fb00000,0x0000000780a00000)
 ParOldGen       total 145920K, used 17599K [0x00000006c3600000, 0x00000006cc480000, 0x000000076bd00000)
  object space 145920K, 12% used [0x00000006c3600000,0x00000006c472fe58,0x00000006cc480000)
 Metaspace       used 34074K, capacity 35338K, committed 35496K, reserved 1079296K
  class space    used 4511K, capacity 4771K, committed 4784K, reserved 1048576K
}
Event: 5.364 GC heap before
{Heap before GC invocations=10 (full 2):
 PSYoungGen      total 218624K, used 204800K [0x000000076bd00000, 0x0000000780a00000, 0x00000007c0000000)
  eden space 204800K, 100% used [0x000000076bd00000,0x0000000778500000,0x0000000778500000)
  from space 13824K, 0% used [0x0000000778500000,0x0000000778500000,0x0000000779280000)
  to   space 15360K, 0% used [0x000000077fb00000,0x000000077fb00000,0x0000000780a00000)
 ParOldGen       total 145920K, used 17599K [0x00000006c3600000, 0x00000006cc480000, 0x000000076bd00000)
  object space 145920K, 12% used [0x00000006c3600000,0x00000006c472fe58,0x00000006cc480000)
 Metaspace       used 46007K, capacity 48108K, committed 48424K, reserved 1091584K
  class space    used 6243K, capacity 6654K, committed 6704K, reserved 1048576K
Event: 5.373 GC heap after
Heap after GC invocations=10 (full 2):
 PSYoungGen      total 323072K, used 15359K [0x000000076bd00000, 0x0000000780b80000, 0x00000007c0000000)
  eden space 307712K, 0% used [0x000000076bd00000,0x000000076bd00000,0x000000077e980000)
  from space 15360K, 99% used [0x000000077fb00000,0x00000007809ffd30,0x0000000780a00000)
  to   space 17408K, 0% used [0x000000077e980000,0x000000077e980000,0x000000077fa80000)
 ParOldGen       total 145920K, used 17880K [0x00000006c3600000, 0x00000006cc480000, 0x000000076bd00000)
  object space 145920K, 12% used [0x00000006c3600000,0x00000006c4776190,0x00000006cc480000)
 Metaspace       used 46007K, capacity 48108K, committed 48424K, reserved 1091584K
  class space    used 6243K, capacity 6654K, committed 6704K, reserved 1048576K
}

Deoptimization events (10 events):
Event: 20.526 Thread 0x000000002263f800 Uncommon trap: reason=bimorphic action=maybe_recompile pc=0x0000000003bb2abc method=java.util.regex.Pattern$CharProperty$1.isSatisfiedBy(I)Z @ 5
Event: 20.526 Thread 0x000000002263f800 Uncommon trap: reason=bimorphic action=maybe_recompile pc=0x0000000003bb2abc method=java.util.regex.Pattern$CharProperty$1.isSatisfiedBy(I)Z @ 5
Event: 20.526 Thread 0x000000002263f800 Uncommon trap: reason=bimorphic action=maybe_recompile pc=0x0000000003bb2abc method=java.util.regex.Pattern$CharProperty$1.isSatisfiedBy(I)Z @ 5
Event: 20.526 Thread 0x000000002263f800 Uncommon trap: reason=bimorphic action=maybe_recompile pc=0x00000000032b7d78 method=java.util.regex.Pattern$CharProperty$1.isSatisfiedBy(I)Z @ 5
Event: 20.533 Thread 0x000000002263f800 Uncommon trap: reason=unstable_if action=reinterpret pc=0x000000000417ec64 method=java.util.Arrays.hashCode([Ljava/lang/Object;)I @ 34
Event: 20.546 Thread 0x0000000022644000 Uncommon trap: reason=unstable_if action=reinterpret pc=0x00000000042f2094 method=java.lang.CharacterDataLatin1.digit(II)I @ 82
Event: 20.585 Thread 0x000000002263f800 Uncommon trap: reason=unstable_if action=reinterpret pc=0x00000000032f411c method=sun.nio.cs.UTF_8$Encoder.encode([CII[B)I @ 33
Event: 20.586 Thread 0x000000002263f800 Uncommon trap: reason=unstable_if action=reinterpret pc=0x000000000377db2c method=java.util.regex.Pattern$BmpCharProperty.match(Ljava/util/regex/Matcher;ILjava/lang/CharSequence;)Z @ 34
Event: 35.506 Thread 0x0000000022644800 Uncommon trap: reason=class_check action=maybe_recompile pc=0x00000000036a02d4 method=java.util.zip.InflaterInputStream.read([BII)I @ 100
Event: 35.507 Thread 0x0000000022644800 Uncommon trap: reason=class_check action=maybe_recompile pc=0x00000000036a02d4 method=java.util.zip.InflaterInputStream.read([BII)I @ 100

Internal exceptions (10 events):
Event: 1078.213 Thread 0x0000000022640000 Exception <a 'java/net/SocketTimeoutException': Read timed out> (0x000000077621bd50) thrown at [C:\re\workspace\8-2-build-windows-amd64-cygwin\jdk8u111\7883\hotspot\src\share\vm\prims\jni.cpp, line 735]
Event: 1086.608 Thread 0x0000000022644800 Exception <a 'java/net/SocketTimeoutException': Read timed out> (0x00000007764f24c0) thrown at [C:\re\workspace\8-2-build-windows-amd64-cygwin\jdk8u111\7883\hotspot\src\share\vm\prims\jni.cpp, line 735]
Event: 1088.239 Thread 0x0000000022640000 Exception <a 'java/net/SocketTimeoutException': Read timed out> (0x0000000776226818) thrown at [C:\re\workspace\8-2-build-windows-amd64-cygwin\jdk8u111\7883\hotspot\src\share\vm\prims\jni.cpp, line 735]
Event: 1098.262 Thread 0x0000000022640000 Exception <a 'java/net/SocketTimeoutException': Read timed out> (0x00000007762312e0) thrown at [C:\re\workspace\8-2-build-windows-amd64-cygwin\jdk8u111\7883\hotspot\src\share\vm\prims\jni.cpp, line 735]
Event: 1108.295 Thread 0x0000000022640000 Exception <a 'java/net/SocketTimeoutException': Read timed out> (0x000000077623bda8) thrown at [C:\re\workspace\8-2-build-windows-amd64-cygwin\jdk8u111\7883\hotspot\src\share\vm\prims\jni.cpp, line 735]
Event: 1116.640 Thread 0x0000000022644800 Exception <a 'java/net/SocketTimeoutException': Read timed out> (0x0000000776553970) thrown at [C:\re\workspace\8-2-build-windows-amd64-cygwin\jdk8u111\7883\hotspot\src\share\vm\prims\jni.cpp, line 735]
Event: 1118.319 Thread 0x0000000022640000 Exception <a 'java/net/SocketTimeoutException': Read timed out> (0x0000000776246870) thrown at [C:\re\workspace\8-2-build-windows-amd64-cygwin\jdk8u111\7883\hotspot\src\share\vm\prims\jni.cpp, line 735]
Event: 1128.343 Thread 0x0000000022640000 Exception <a 'java/net/SocketTimeoutException': Read timed out> (0x0000000776251338) thrown at [C:\re\workspace\8-2-build-windows-amd64-cygwin\jdk8u111\7883\hotspot\src\share\vm\prims\jni.cpp, line 735]
Event: 1138.371 Thread 0x0000000022640000 Exception <a 'java/net/SocketTimeoutException': Read timed out> (0x000000077625be00) thrown at [C:\re\workspace\8-2-build-windows-amd64-cygwin\jdk8u111\7883\hotspot\src\share\vm\prims\jni.cpp, line 735]
Event: 1146.672 Thread 0x0000000022644800 Exception <a 'java/net/SocketTimeoutException': Read timed out> (0x00000007765b4e98) thrown at [C:\re\workspace\8-2-build-windows-amd64-cygwin\jdk8u111\7883\hotspot\src\share\vm\prims\jni.cpp, line 735]

Events (10 events):
Event: 996.516 Thread 0x000000001f3ee000 flushing nmethod 0x0000000003649210
Event: 996.516 Thread 0x000000001f3ee000 flushing nmethod 0x000000000369f490
Event: 996.516 Thread 0x000000001f3ee000 flushing nmethod 0x0000000003739590
Event: 996.516 Thread 0x000000001f3ee000 flushing nmethod 0x000000000373a050
Event: 996.516 Thread 0x000000001f3ee000 flushing nmethod 0x000000000375b650
Event: 996.516 Thread 0x000000001f3ee000 flushing nmethod 0x00000000037da710
Event: 996.517 Thread 0x000000001f3ee000 flushing nmethod 0x0000000003aff210
Event: 996.517 Thread 0x000000001f3ee000 flushing nmethod 0x0000000003c69bd0
Event: 996.518 Thread 0x000000001f3ee000 flushing nmethod 0x0000000003db7fd0
Event: 1026.549 Thread 0x000000001f3ee000 flushing nmethod 0x0000000003fbff90


Dynamic libraries:
0x00007ff70faa0000 - 0x00007ff70fad7000 	D:\setup\java\jdk\bin\java.exe
0x00007ffb70090000 - 0x00007ffb70286000 	C:\Windows\SYSTEM32\ntdll.dll
0x00007ffb6ef10000 - 0x00007ffb6efcd000 	C:\Windows\System32\KERNEL32.DLL
0x00007ffb6dbd0000 - 0x00007ffb6de98000 	C:\Windows\System32\KERNELBASE.dll
0x00007ffb6f780000 - 0x00007ffb6f82c000 	C:\Windows\System32\ADVAPI32.dll
0x00007ffb6ea60000 - 0x00007ffb6eafe000 	C:\Windows\System32\msvcrt.dll
0x00007ffb6ecb0000 - 0x00007ffb6ed4b000 	C:\Windows\System32\sechost.dll
0x00007ffb6e0f0000 - 0x00007ffb6e214000 	C:\Windows\System32\RPCRT4.dll
0x00007ffb6f830000 - 0x00007ffb6f9d0000 	C:\Windows\System32\USER32.dll
0x00007ffb6df40000 - 0x00007ffb6df62000 	C:\Windows\System32\win32u.dll
0x00007ffb6e220000 - 0x00007ffb6e24a000 	C:\Windows\System32\GDI32.dll
0x00007ffb6dac0000 - 0x00007ffb6dbc9000 	C:\Windows\System32\gdi32full.dll
0x00007ffb6dea0000 - 0x00007ffb6df3d000 	C:\Windows\System32\msvcp_win.dll
0x00007ffb6dfa0000 - 0x00007ffb6e0a0000 	C:\Windows\System32\ucrtbase.dll
0x00007ffb4af30000 - 0x00007ffb4b1cb000 	C:\Windows\WinSxS\amd64_microsoft.windows.common-controls_6595b64144ccf1df_6.0.19041.488_none_ca04af081b815d21\COMCTL32.dll
0x00007ffb6ec80000 - 0x00007ffb6ecb0000 	C:\Windows\System32\IMM32.DLL
0x000000005a5e0000 - 0x000000005a6b2000 	D:\setup\java\jdk\jre\bin\msvcr100.dll
0x0000000059d40000 - 0x000000005a5da000 	D:\setup\java\jdk\jre\bin\server\jvm.dll
0x00007ffb6f770000 - 0x00007ffb6f778000 	C:\Windows\System32\PSAPI.DLL
0x00007ffb5e370000 - 0x00007ffb5e37a000 	C:\Windows\SYSTEM32\VERSION.dll
0x00007ffb51600000 - 0x00007ffb51627000 	C:\Windows\SYSTEM32\WINMM.dll
0x00007ffb67120000 - 0x00007ffb67129000 	C:\Windows\SYSTEM32\WSOCK32.dll
0x00007ffb6f700000 - 0x00007ffb6f76b000 	C:\Windows\System32\WS2_32.dll
0x0000000059d30000 - 0x0000000059d3f000 	D:\setup\java\jdk\jre\bin\verify.dll
0x0000000059d00000 - 0x0000000059d29000 	D:\setup\java\jdk\jre\bin\java.dll
0x0000000059b50000 - 0x0000000059b73000 	D:\setup\java\jdk\jre\bin\instrument.dll
0x0000000059ce0000 - 0x0000000059cf6000 	D:\setup\java\jdk\jre\bin\zip.dll
0x00007ffb6e290000 - 0x00007ffb6e9d1000 	C:\Windows\System32\SHELL32.dll
0x00007ffb6b900000 - 0x00007ffb6c095000 	C:\Windows\SYSTEM32\windows.storage.dll
0x00007ffb6f0c0000 - 0x00007ffb6f415000 	C:\Windows\System32\combase.dll
0x00007ffb6d240000 - 0x00007ffb6d26c000 	C:\Windows\SYSTEM32\Wldp.dll
0x00007ffb6ed50000 - 0x00007ffb6edfe000 	C:\Windows\System32\SHCORE.dll
0x00007ffb6ee00000 - 0x00007ffb6ee55000 	C:\Windows\System32\shlwapi.dll
0x00007ffb6d700000 - 0x00007ffb6d726000 	C:\Windows\SYSTEM32\profapi.dll
0x00007ffb53850000 - 0x00007ffb5386a000 	D:\application\IntelliJ IDEA Community Edition 2022.1\bin\breakgen64.dll
0x0000000059cc0000 - 0x0000000059cda000 	D:\setup\java\jdk\jre\bin\net.dll
0x00007ffb6cfc0000 - 0x00007ffb6d02a000 	C:\Windows\system32\mswsock.dll
0x00007ffb6cc60000 - 0x00007ffb6cc9b000 	C:\Windows\SYSTEM32\IPHLPAPI.DLL
0x00007ffb6e280000 - 0x00007ffb6e288000 	C:\Windows\System32\NSI.dll
0x00007ffb67460000 - 0x00007ffb67477000 	C:\Windows\SYSTEM32\dhcpcsvc6.DLL
0x00007ffb67440000 - 0x00007ffb6745d000 	C:\Windows\SYSTEM32\dhcpcsvc.DLL
0x00007ffb6cca0000 - 0x00007ffb6cd6b000 	C:\Windows\SYSTEM32\DNSAPI.dll
0x00007ffb65940000 - 0x00007ffb6594a000 	C:\Windows\System32\rasadhlp.dll
0x00007ffb62d50000 - 0x00007ffb62dcf000 	C:\Windows\System32\fwpuclnt.dll
0x00007ffb6df70000 - 0x00007ffb6df97000 	C:\Windows\System32\bcrypt.dll
0x0000000059b40000 - 0x0000000059b4d000 	D:\setup\java\jdk\jre\bin\management.dll
0x00007ffb2ef70000 - 0x00007ffb2ef87000 	C:\Windows\system32\napinsp.dll
0x00007ffb2ef50000 - 0x00007ffb2ef6b000 	C:\Windows\system32\pnrpnsp.dll
0x00007ffb683b0000 - 0x00007ffb683c5000 	C:\Windows\system32\wshbth.dll
0x00007ffb68180000 - 0x00007ffb6819d000 	C:\Windows\system32\NLAapi.dll
0x00007ffb2ee20000 - 0x00007ffb2ee32000 	C:\Windows\System32\winrnr.dll
0x0000000059ca0000 - 0x0000000059cb1000 	D:\setup\java\jdk\jre\bin\nio.dll
0x00007ffb6d190000 - 0x00007ffb6d1a8000 	C:\Windows\SYSTEM32\CRYPTSP.dll
0x00007ffb6c8e0000 - 0x00007ffb6c914000 	C:\Windows\system32\rsaenh.dll
0x00007ffb6d6c0000 - 0x00007ffb6d6ee000 	C:\Windows\SYSTEM32\USERENV.dll
0x00007ffb6d8e0000 - 0x00007ffb6d95f000 	C:\Windows\System32\bcryptprimitives.dll
0x00007ffb6d1b0000 - 0x00007ffb6d1bc000 	C:\Windows\SYSTEM32\CRYPTBASE.dll
0x0000000059b80000 - 0x0000000059ba4000 	D:\setup\java\jdk\jre\bin\sunec.dll

VM Arguments:
jvm_args: -javaagent:D:\application\IntelliJ IDEA Community Edition 2022.1\lib\idea_rt.jar=51508:D:\application\IntelliJ IDEA Community Edition 2022.1\bin -Dfile.encoding=UTF-8 
java_command: com.example.gateway.GatewayApplication
java_class_path (initial): D:\setup\java\jdk\jre\lib\charsets.jar;D:\setup\java\jdk\jre\lib\deploy.jar;D:\setup\java\jdk\jre\lib\ext\access-bridge-64.jar;D:\setup\java\jdk\jre\lib\ext\cldrdata.jar;D:\setup\java\jdk\jre\lib\ext\dnsns.jar;D:\setup\java\jdk\jre\lib\ext\jaccess.jar;D:\setup\java\jdk\jre\lib\ext\jfxrt.jar;D:\setup\java\jdk\jre\lib\ext\localedata.jar;D:\setup\java\jdk\jre\lib\ext\nashorn.jar;D:\setup\java\jdk\jre\lib\ext\sunec.jar;D:\setup\java\jdk\jre\lib\ext\sunjce_provider.jar;D:\setup\java\jdk\jre\lib\ext\sunmscapi.jar;D:\setup\java\jdk\jre\lib\ext\sunpkcs11.jar;D:\setup\java\jdk\jre\lib\ext\zipfs.jar;D:\setup\java\jdk\jre\lib\javaws.jar;D:\setup\java\jdk\jre\lib\jce.jar;D:\setup\java\jdk\jre\lib\jfr.jar;D:\setup\java\jdk\jre\lib\jfxswt.jar;D:\setup\java\jdk\jre\lib\jsse.jar;D:\setup\java\jdk\jre\lib\management-agent.jar;D:\setup\java\jdk\jre\lib\plugin.jar;D:\setup\java\jdk\jre\lib\resources.jar;D:\setup\java\jdk\jre\lib\rt.jar;C:\Users\lenovo\Desktop\weather-master\weather-master\gateway\target\classes;D:\develop\maven\apache-maven-3.6.1\repository\org\springframework\cloud\spring-cloud-starter-gateway\2.1.2.RELEASE\spring-cloud-starter-gateway-2.1.2.RELEASE.jar;D:\develop\maven\apache-maven-3.6.1\repository\org\springframework\cloud\spring-cloud-starter\2.1.2.RELEASE\spring-cloud-starter-2.1.2.RELEASE.jar;D:\develop\maven\apache-maven-3.6.1\repository\org\springframework\cloud\spring-cloud-context\2.1.2.RELEASE\spring-cloud-context-2.1.2.RELEASE.jar;D:\develop\maven\apache-maven-3.6.1\repository\org\springframework\security\spring-security-crypto\5.1.6.RELEASE\spring-security-crypto-5.1.6.RELEASE.jar;D:\develop\maven\apache-maven-3.6.1\repository\org\springframework\cloud\spring-cloud-commons\2.1.2.RELEASE\spring-cloud-commons-2.1.2.RELEASE.jar;D:\develop\maven\apache-maven-3.6.1\repository\org\springframework\security\spring-security-rsa\1.0.7.RELEASE\spring-security-rsa-1.0.7.RELEASE.jar;D:\develop\maven\apache-maven-3.6.1\repository\org\bouncy
Launcher Type: SUN_STANDARD

Environment Variables:
JAVA_HOME=D:\setup\java\jdk
CLASSPATH=.;D:\setup\java\jdk\lib\dt.jar;D:\setup\java\jdk\lib\tools.jar
PATH=D:\setup\xftp\;D:\setup\xshell\;C:\ProgramData\Oracle\Java\javapath;C:\Windows\system32;C:\Windows;C:\Windows\System32\Wbem;C:\Windows\System32\WindowsPowerShell\v1.0\;C:\Windows\System32\OpenSSH\;D:\setup\java\jdk\bin;D:\develop\Git\cmd;D:\develop\maven\apache-maven-3.6.1\bin;D:\develop\tomcat\apache-tomcat-8.5.78-windows-x64\apache-tomcat-8.5.78\lib;D:\setup\nodejs\;C:\Program Files\Docker\Docker\resources\bin;C:\ProgramData\DockerDesktop\version-bin;C:\Users\lenovo\AppData\Local\Microsoft\WindowsApps;D:\application\IntelliJ IDEA Community Edition 2022.1\bin;;D:\setup\Microsoft VS Code\bin;D:\setup\nodejs\node_global;
USERNAME=lenovo
OS=Windows_NT
PROCESSOR_IDENTIFIER=Intel64 Family 6 Model 140 Stepping 1, GenuineIntel



---------------  S Y S T E M  ---------------

OS: Windows 10.0 , 64 bit Build 19041 (10.0.19041.546)

CPU:total 8 (4 cores per cpu, 2 threads per core) family 6 model 140 stepping 1, cmov, cx8, fxsr, mmx, sse, sse2, sse3, ssse3, sse4.1, sse4.2, popcnt, avx, avx2, aes, clmul, erms, 3dnowpref, lzcnt, ht, tsc, tscinvbit, bmi1, bmi2, adx

Memory: 4k page, physical 16555320k(1551944k free), swap 32129632k(7664k free)

vm_info: Java HotSpot(TM) 64-Bit Server VM (25.111-b14) for windows-amd64 JRE (1.8.0_111-b14), built on Sep 22 2016 19:24:05 by "java_re" with MS VC++ 10.0 (VS2010)

time: Mon Dec 12 14:59:42 2022
elapsed time: 1146 seconds (0d 0h 19m 6s)

